<?xml version="1.0" encoding="UTF-8"?>
<!-- Generated by org.testng.reporters.JUnitReportReporter -->
<testsuite hostname="DESKTOP-TO46CH4" failures="0" tests="1" name="TestNg.Exam" time="0.013" errors="0" timestamp="2022-06-12T19:44:32 IST" skipped="0">
  <testcase classname="TestNg.Exam" name="test" time="0.013"/>
  <system-out/>
</testsuite> <!-- TestNg.Exam -->
